2022-01-07 00:09:29 INFO  EmployeesController:23 - Get all employees
2022-01-07 20:23:55 INFO  EmployeesController:23 - Get all employees
2022-01-07 20:24:29 INFO  EmployeesController:23 - Get all employees
2022-01-07 20:24:49 INFO  EmployeesController:29 - Get employee by id: 10
2022-01-07 20:25:59 INFO  EmployeesController:29 - Get employee by id: 10
2022-01-07 20:31:27 INFO  EmployeesController:29 - Get employee by id: 1
2022-01-07 20:32:48 INFO  EmployeesController:23 - Get all employees
2022-01-07 20:42:32 INFO  EmployeesController:29 - Get employee by id: 22
2022-01-07 20:55:16 INFO  EmployeesController:29 - Get employee by id: 3
2022-01-07 20:55:31 INFO  EmployeesController:29 - Get employee by id: 5
2022-01-07 21:05:53 INFO  EmployeesController:29 - Get employee by id: 3
2022-01-07 21:21:40 INFO  EmployeesController:29 - Get employee by id: 3
2022-01-07 21:21:48 INFO  EmployeesController:23 - Get all employees
2022-01-07 22:12:36 INFO  EmployeesController:23 - Get all employees
2022-01-07 22:14:17 INFO  EmployeesController:23 - Get all employees
2022-01-07 22:14:49 INFO  EmployeesController:23 - Get all employees
2022-01-07 22:15:05 INFO  EmployeesController:23 - Get all employees
2022-01-07 22:18:05 INFO  EmployeesController:23 - Get all employees
2022-01-07 22:19:03 INFO  EmployeesController:23 - Get all employees
2022-01-07 22:19:15 INFO  EmployeesController:23 - Get all employees
2022-01-07 22:19:18 INFO  EmployeesController:23 - Get all employees
2022-01-07 22:19:20 INFO  EmployeesController:23 - Get all employees
2022-01-07 22:47:56 INFO  RequestsController:68 - getting all of the requestor requests
2022-01-07 22:48:02 INFO  RequestsController:68 - getting all of the requestor requests
2022-01-07 22:48:06 INFO  RequestsController:68 - getting all of the requestor requests
2022-01-07 22:48:16 INFO  RequestsController:68 - getting all of the requestor requests
2022-01-07 22:48:23 INFO  RequestsController:68 - getting all of the requestor requests
2022-01-08 11:08:00 INFO  EmployeesController:23 - Get all employees
2022-01-08 11:23:12 INFO  EmployeesController:23 - Get all employees
2022-01-08 12:22:48 INFO  RequestsController:68 - getting all of the requestor requests
2022-01-08 12:23:00 INFO  RequestsController:68 - getting all of the requestor requests
2022-01-08 12:41:31 INFO  EmployeesController:23 - Get all employees
2022-01-08 12:50:23 INFO  EmployeesController:23 - Get all employees
2022-01-08 12:50:30 INFO  EmployeesController:23 - Get all employees
2022-01-08 12:55:31 INFO  EmployeesController:23 - Get all employees
2022-01-08 13:58:59 INFO  RequestsController:77 - getting all of the requestor requests
2022-01-08 13:59:11 INFO  RequestsController:77 - getting all of the requestor requests
2022-01-08 14:32:09 INFO  RequestsController:94 - Get all requests
2022-01-08 15:04:20 INFO  RequestsController:94 - Get all requests
2022-01-08 15:05:24 INFO  RequestsController:94 - Get all requests
2022-01-08 15:05:25 INFO  RequestsController:94 - Get all requests
2022-01-08 15:05:37 INFO  RequestsController:94 - Get all requests
2022-01-08 15:50:55 INFO  RequestsController:94 - Get all requests
2022-01-08 16:02:19 INFO  RequestsController:94 - Get all requests
2022-01-08 16:33:35 INFO  RequestsController:77 - getting all of the requestor requests
2022-01-08 16:41:21 INFO  EmployeesController:23 - Get all employees
2022-01-08 17:19:26 INFO  RequestsController:94 - Get all requests
2022-01-08 17:23:05 INFO  RequestsController:94 - Get all requests
2022-01-08 17:25:22 INFO  RequestsController:94 - Get all requests
2022-01-08 17:28:28 INFO  RequestsController:94 - Get all requests
2022-01-08 17:28:30 INFO  RequestsController:94 - Get all requests
2022-01-08 17:40:49 INFO  RequestsController:94 - Get all requests
2022-01-08 17:54:09 INFO  EmployeesController:23 - Get all employees
2022-01-08 17:54:33 INFO  EmployeesController:23 - Get all employees
2022-01-08 18:04:24 INFO  EmployeesController:23 - Get all employees
2022-01-08 18:04:33 INFO  RequestsController:94 - Get all requests
2022-01-08 18:05:37 INFO  RequestsController:94 - Get all requests
2022-01-08 18:05:54 INFO  EmployeesController:23 - Get all employees
2022-01-08 18:07:16 INFO  RequestsController:94 - Get all requests
2022-01-08 18:07:19 INFO  RequestsController:94 - Get all requests
2022-01-08 18:31:05 INFO  RequestsController:94 - Get all requests
2022-01-08 20:01:30 INFO  EmployeesController:23 - Get all employees
2022-01-08 20:01:42 INFO  EmployeesController:23 - Get all employees
2022-01-08 20:30:15 INFO  EmployeesController:23 - Get all employees
2022-01-08 20:33:49 INFO  RequestsController:94 - Get all requests
2022-01-08 20:34:21 INFO  RequestsController:94 - Get all requests
2022-01-08 20:37:42 INFO  RequestsController:94 - Get all requests
2022-01-08 20:39:30 INFO  RequestsController:94 - Get all requests
2022-01-08 20:40:46 INFO  EmployeesController:23 - Get all employees
2022-01-08 20:40:49 INFO  RequestsController:94 - Get all requests
2022-01-08 21:11:13 INFO  RequestsController:94 - Get all requests
2022-01-08 21:18:31 INFO  EmployeesController:23 - Get all employees
2022-01-08 21:18:35 INFO  RequestsController:94 - Get all requests
2022-01-08 21:18:36 INFO  EmployeesController:23 - Get all employees
2022-01-08 21:18:40 INFO  RequestsController:94 - Get all requests
2022-01-08 21:18:46 INFO  EmployeesController:23 - Get all employees
2022-01-08 21:18:48 INFO  RequestsController:94 - Get all requests
2022-01-08 21:18:49 INFO  EmployeesController:23 - Get all employees
2022-01-08 21:18:52 INFO  RequestsController:94 - Get all requests
2022-01-08 21:32:42 INFO  EmployeesController:23 - Get all employees
2022-01-08 21:32:46 INFO  RequestsController:94 - Get all requests
2022-01-08 22:26:51 INFO  RequestsController:94 - Get all requests
2022-01-08 22:26:59 INFO  RequestsController:94 - Get all requests
2022-01-08 22:28:07 INFO  RequestsController:94 - Get all requests
2022-01-08 22:28:32 INFO  RequestsController:94 - Get all requests
2022-01-08 22:31:20 INFO  RequestsController:94 - Get all requests
2022-01-08 22:32:24 INFO  RequestsController:94 - Get all requests
2022-01-08 22:33:08 INFO  RequestsController:94 - Get all requests
2022-01-08 22:33:20 INFO  RequestsController:94 - Get all requests
2022-01-08 22:33:34 INFO  RequestsController:94 - Get all requests
2022-01-08 22:33:54 INFO  RequestsController:94 - Get all requests
2022-01-08 22:33:55 INFO  RequestsController:94 - Get all requests
2022-01-08 22:34:18 INFO  RequestsController:94 - Get all requests
2022-01-08 22:34:19 INFO  RequestsController:94 - Get all requests
2022-01-08 22:34:19 INFO  RequestsController:94 - Get all requests
2022-01-08 22:34:20 INFO  EmployeesController:23 - Get all employees
2022-01-08 22:34:21 INFO  RequestsController:94 - Get all requests
2022-01-08 22:34:21 INFO  RequestsController:94 - Get all requests
2022-01-08 22:34:22 INFO  RequestsController:94 - Get all requests
2022-01-08 22:34:23 INFO  RequestsController:94 - Get all requests
2022-01-08 22:34:32 INFO  RequestsController:94 - Get all requests
2022-01-08 22:34:32 INFO  RequestsController:94 - Get all requests
2022-01-08 22:34:33 INFO  RequestsController:94 - Get all requests
2022-01-08 22:34:33 INFO  RequestsController:94 - Get all requests
2022-01-08 22:34:35 INFO  RequestsController:94 - Get all requests
2022-01-08 22:35:12 INFO  RequestsController:94 - Get all requests
2022-01-08 22:35:14 INFO  RequestsController:94 - Get all requests
2022-01-08 22:35:17 INFO  RequestsController:94 - Get all requests
2022-01-08 22:35:18 INFO  EmployeesController:23 - Get all employees
2022-01-08 23:13:41 INFO  EmployeesController:23 - Get all employees
2022-01-08 23:29:10 INFO  EmployeesController:23 - Get all employees
2022-01-09 00:03:46 INFO  RequestsController:94 - Get all requests
2022-01-09 00:07:03 INFO  RequestsController:94 - Get all requests
2022-01-09 00:10:37 INFO  RequestsController:94 - Get all requests
2022-01-09 00:14:13 INFO  RequestsController:94 - Get all requests
2022-01-09 01:03:17 INFO  RequestsController:45 - submitting Reimbursment Reguest
2022-01-09 10:25:06 INFO  EmployeesController:23 - Get all employees
2022-01-09 10:55:50 INFO  RequestsController:94 - Get all requests
2022-01-09 10:55:59 INFO  RequestsController:94 - Get all requests
2022-01-09 10:56:38 INFO  RequestsController:94 - Get all requests
2022-01-09 10:58:23 INFO  RequestsController:94 - Get all requests
2022-01-09 10:58:26 INFO  RequestsController:94 - Get all requests
2022-01-09 10:58:27 INFO  RequestsController:94 - Get all requests
2022-01-09 10:58:27 INFO  RequestsController:94 - Get all requests
2022-01-09 10:58:28 INFO  RequestsController:94 - Get all requests
2022-01-09 10:58:28 INFO  RequestsController:94 - Get all requests
2022-01-09 10:58:29 INFO  RequestsController:94 - Get all requests
2022-01-09 10:58:29 INFO  RequestsController:94 - Get all requests
2022-01-09 11:00:33 INFO  EmployeesController:23 - Get all employees
2022-01-09 11:00:35 INFO  RequestsController:94 - Get all requests
2022-01-09 11:01:37 INFO  RequestsController:94 - Get all requests
2022-01-09 11:01:43 INFO  RequestsController:94 - Get all requests
2022-01-09 11:01:45 INFO  EmployeesController:23 - Get all employees
2022-01-09 11:01:48 INFO  RequestsController:94 - Get all requests
2022-01-09 11:03:20 INFO  RequestsController:94 - Get all requests
2022-01-09 11:04:42 INFO  EmployeesController:23 - Get all employees
2022-01-09 11:04:55 INFO  RequestsController:94 - Get all requests
2022-01-09 11:06:12 INFO  RequestsController:94 - Get all requests
2022-01-09 11:07:26 INFO  RequestsController:94 - Get all requests
2022-01-09 11:09:35 INFO  RequestsController:94 - Get all requests
2022-01-09 11:10:12 INFO  RequestsController:94 - Get all requests
2022-01-09 11:13:01 INFO  EmployeesController:23 - Get all employees
2022-01-09 11:13:04 INFO  RequestsController:94 - Get all requests
2022-01-09 11:14:30 INFO  RequestsController:94 - Get all requests
2022-01-09 11:14:31 INFO  RequestsController:94 - Get all requests
2022-01-09 11:19:33 INFO  RequestsController:94 - Get all requests
2022-01-09 11:19:58 INFO  RequestsController:94 - Get all requests
2022-01-09 11:21:21 INFO  RequestsController:94 - Get all requests
2022-01-09 11:24:00 INFO  RequestsController:94 - Get all requests
2022-01-09 11:24:09 INFO  EmployeesController:23 - Get all employees
2022-01-09 11:24:37 INFO  RequestsController:94 - Get all requests
2022-01-09 11:27:04 INFO  RequestsController:94 - Get all requests
2022-01-09 11:27:08 INFO  RequestsController:94 - Get all requests
2022-01-09 11:27:13 INFO  RequestsController:94 - Get all requests
2022-01-09 11:27:50 INFO  RequestsController:94 - Get all requests
2022-01-09 11:27:53 INFO  RequestsController:94 - Get all requests
2022-01-09 11:27:59 INFO  RequestsController:94 - Get all requests
2022-01-09 11:29:26 INFO  RequestsController:94 - Get all requests
2022-01-09 11:36:20 INFO  RequestsController:94 - Get all requests
2022-01-09 11:36:22 INFO  RequestsController:94 - Get all requests
2022-01-09 11:36:23 INFO  RequestsController:94 - Get all requests
2022-01-09 11:36:23 INFO  RequestsController:94 - Get all requests
2022-01-09 11:36:24 INFO  RequestsController:94 - Get all requests
2022-01-09 11:36:24 INFO  RequestsController:94 - Get all requests
2022-01-09 11:36:25 INFO  RequestsController:94 - Get all requests
2022-01-09 11:36:25 INFO  RequestsController:94 - Get all requests
2022-01-09 11:36:25 INFO  RequestsController:94 - Get all requests
2022-01-09 11:36:25 INFO  RequestsController:94 - Get all requests
2022-01-09 11:36:25 INFO  RequestsController:94 - Get all requests
2022-01-09 11:36:26 INFO  RequestsController:94 - Get all requests
2022-01-09 11:37:23 INFO  RequestsController:94 - Get all requests
2022-01-09 11:37:25 INFO  RequestsController:94 - Get all requests
2022-01-09 11:37:25 INFO  RequestsController:94 - Get all requests
2022-01-09 11:38:04 INFO  RequestsController:94 - Get all requests
2022-01-09 11:38:06 INFO  RequestsController:94 - Get all requests
2022-01-09 11:38:20 INFO  RequestsController:94 - Get all requests
2022-01-09 11:38:22 INFO  RequestsController:94 - Get all requests
2022-01-09 11:38:45 INFO  RequestsController:94 - Get all requests
2022-01-09 11:39:07 INFO  RequestsController:94 - Get all requests
2022-01-09 12:28:45 INFO  RequestsController:94 - Get all requests
2022-01-09 12:28:47 INFO  RequestsController:94 - Get all requests
2022-01-09 12:30:33 INFO  RequestsController:94 - Get all requests
2022-01-09 12:31:16 INFO  RequestsController:94 - Get all requests
2022-01-09 12:35:29 INFO  RequestsController:94 - Get all requests
2022-01-09 12:41:33 INFO  RequestsController:45 - submitting Reimbursment Reguest
2022-01-09 12:54:04 INFO  EmployeesController:23 - Get all employees
2022-01-09 12:54:15 INFO  RequestsController:94 - Get all requests
2022-01-09 12:56:15 INFO  RequestsController:94 - Get all requests
2022-01-09 12:56:18 INFO  RequestsController:94 - Get all requests
2022-01-09 12:56:33 INFO  RequestsController:94 - Get all requests
2022-01-09 12:56:34 INFO  RequestsController:94 - Get all requests
2022-01-09 12:58:33 INFO  RequestsController:94 - Get all requests
2022-01-09 12:58:33 INFO  RequestsController:94 - Get all requests
2022-01-09 12:58:35 INFO  EmployeesController:23 - Get all employees
2022-01-09 12:58:36 INFO  RequestsController:94 - Get all requests
2022-01-09 12:58:42 INFO  RequestsController:94 - Get all requests
2022-01-09 12:59:02 INFO  RequestsController:94 - Get all requests
2022-01-09 12:59:35 INFO  RequestsController:94 - Get all requests
2022-01-09 13:05:22 INFO  EmployeesController:23 - Get all employees
2022-01-09 13:05:42 INFO  RequestsController:94 - Get all requests
2022-01-09 13:05:51 INFO  EmployeesController:23 - Get all employees
2022-01-09 13:05:57 INFO  RequestsController:94 - Get all requests
2022-01-09 13:06:36 INFO  RequestsController:94 - Get all requests
2022-01-09 13:06:38 INFO  RequestsController:94 - Get all requests
2022-01-09 13:06:40 INFO  EmployeesController:23 - Get all employees
2022-01-09 13:11:09 INFO  RequestsController:94 - Get all requests
2022-01-09 13:23:51 INFO  RequestsController:94 - Get all requests
2022-01-09 13:23:56 INFO  EmployeesController:23 - Get all employees
2022-01-09 13:47:28 INFO  EmployeesController:23 - Get all employees
2022-01-09 13:49:28 INFO  RequestsController:94 - Get all requests
2022-01-09 13:49:31 INFO  RequestsController:94 - Get all requests
2022-01-09 13:49:36 INFO  EmployeesController:23 - Get all employees
2022-01-09 13:49:49 INFO  RequestsController:94 - Get all requests
2022-01-09 13:49:54 INFO  RequestsController:94 - Get all requests
2022-01-09 13:50:05 INFO  EmployeesController:23 - Get all employees
2022-01-09 13:50:08 INFO  RequestsController:94 - Get all requests
2022-01-09 13:50:09 INFO  RequestsController:94 - Get all requests
2022-01-09 13:50:10 INFO  RequestsController:94 - Get all requests
2022-01-09 14:00:08 INFO  EmployeesController:23 - Get all employees
2022-01-09 14:00:14 INFO  RequestsController:94 - Get all requests
2022-01-09 14:01:27 INFO  EmployeesController:23 - Get all employees
2022-01-09 14:01:29 INFO  EmployeesController:23 - Get all employees
2022-01-09 14:01:29 INFO  EmployeesController:23 - Get all employees
2022-01-09 14:01:55 INFO  EmployeesController:23 - Get all employees
2022-01-09 14:02:03 INFO  EmployeesController:23 - Get all employees
2022-01-09 14:02:08 INFO  RequestsController:94 - Get all requests
2022-01-09 14:02:12 INFO  RequestsController:94 - Get all requests
2022-01-09 14:04:29 INFO  EmployeesController:23 - Get all employees
2022-01-09 14:04:30 INFO  RequestsController:94 - Get all requests
2022-01-09 14:04:31 INFO  RequestsController:94 - Get all requests
2022-01-09 14:04:32 INFO  RequestsController:94 - Get all requests
2022-01-09 15:13:56 INFO  RequestsController:94 - Get all requests
2022-01-09 15:14:09 INFO  RequestsController:94 - Get all requests
2022-01-09 15:14:23 INFO  RequestsController:94 - Get all requests
2022-01-09 15:14:42 INFO  RequestsController:94 - Get all requests
2022-01-09 15:25:20 INFO  EmployeesController:23 - Get all employees
2022-01-09 15:25:21 INFO  RequestsController:94 - Get all requests
2022-01-09 15:25:22 INFO  RequestsController:94 - Get all requests
2022-01-09 15:27:06 INFO  RequestsController:94 - Get all requests
2022-01-09 15:27:07 INFO  RequestsController:94 - Get all requests
2022-01-09 15:27:09 INFO  RequestsController:94 - Get all requests
2022-01-09 15:35:02 INFO  RequestsController:94 - Get all requests
2022-01-09 15:39:57 INFO  RequestsController:94 - Get all requests
2022-01-09 15:39:59 INFO  RequestsController:94 - Get all requests
2022-01-09 15:53:44 INFO  RequestsController:94 - Get all requests
2022-01-09 16:02:48 INFO  RequestsController:94 - Get all requests
2022-01-09 16:05:52 INFO  RequestsController:94 - Get all requests
2022-01-09 16:06:45 INFO  RequestsController:94 - Get all requests
2022-01-09 16:09:24 INFO  RequestsController:94 - Get all requests
2022-01-09 16:19:38 INFO  RequestsController:94 - Get all requests
2022-01-09 16:19:47 INFO  RequestsController:94 - Get all requests
2022-01-09 16:21:06 INFO  RequestsController:94 - Get all requests
2022-01-09 16:21:08 INFO  RequestsController:94 - Get all requests
2022-01-09 16:21:13 INFO  RequestsController:94 - Get all requests
2022-01-09 16:21:17 INFO  RequestsController:94 - Get all requests
2022-01-09 16:21:45 INFO  RequestsController:94 - Get all requests
2022-01-09 16:21:47 INFO  RequestsController:94 - Get all requests
2022-01-09 16:21:50 INFO  RequestsController:94 - Get all requests
2022-01-09 16:24:59 INFO  EmployeesController:23 - Get all employees
2022-01-09 16:25:01 INFO  RequestsController:94 - Get all requests
2022-01-09 16:25:28 INFO  RequestsController:45 - submitting Reimbursment Reguest
2022-01-09 16:25:35 INFO  RequestsController:94 - Get all requests
2022-01-09 16:25:49 INFO  EmployeesController:23 - Get all employees
2022-01-09 16:25:50 INFO  RequestsController:94 - Get all requests
2022-01-09 16:25:54 INFO  RequestsController:94 - Get all requests
2022-01-09 16:26:03 INFO  RequestsController:94 - Get all requests
2022-01-09 16:26:04 INFO  RequestsController:94 - Get all requests
2022-01-09 16:26:13 INFO  RequestsController:94 - Get all requests
2022-01-09 16:28:04 INFO  EmployeesController:23 - Get all employees
2022-01-09 16:42:27 INFO  RequestsController:94 - Get all requests
2022-01-09 16:42:29 INFO  EmployeesController:23 - Get all employees
2022-01-09 16:42:48 INFO  RequestsController:94 - Get all requests
2022-01-09 16:42:50 INFO  RequestsController:94 - Get all requests
2022-01-09 16:42:54 INFO  EmployeesController:23 - Get all employees
2022-01-09 16:43:00 INFO  RequestsController:94 - Get all requests
2022-01-09 16:43:06 INFO  RequestsController:94 - Get all requests
2022-01-09 16:43:10 INFO  RequestsController:94 - Get all requests
2022-01-09 16:43:19 INFO  RequestsController:94 - Get all requests
2022-01-09 16:43:43 INFO  RequestsController:94 - Get all requests
2022-01-09 17:38:46 INFO  ReimbursementDAOTest:134 - null
2022-01-09 17:54:23 INFO  ReimbursementDAOTest:134 - null
2022-01-10 00:00:52 INFO  EmployeesController:23 - Get all employees
2022-01-10 00:00:52 INFO  EmployeesController:23 - Get all employees
2022-01-10 00:00:56 INFO  RequestsController:94 - Get all requests
2022-01-10 00:00:59 INFO  RequestsController:94 - Get all requests
2022-01-10 00:01:00 INFO  RequestsController:94 - Get all requests
2022-01-10 00:01:19 INFO  RequestsController:94 - Get all requests
2022-01-10 00:01:45 INFO  RequestsController:94 - Get all requests
2022-01-10 00:01:55 INFO  RequestsController:94 - Get all requests
2022-01-10 00:02:29 INFO  RequestsController:45 - submitting Reimbursment Reguest
2022-01-10 00:02:41 INFO  RequestsController:94 - Get all requests
2022-01-10 00:02:44 INFO  RequestsController:94 - Get all requests
2022-01-10 00:02:46 INFO  RequestsController:94 - Get all requests
2022-01-10 00:03:01 INFO  RequestsController:94 - Get all requests
2022-01-10 00:03:12 INFO  EmployeesController:23 - Get all employees
2022-01-10 00:03:13 INFO  RequestsController:94 - Get all requests
2022-01-10 00:10:09 INFO  RequestsController:94 - Get all requests
2022-01-10 00:10:11 INFO  EmployeesController:23 - Get all employees
2022-01-10 00:11:28 INFO  RequestsController:94 - Get all requests
2022-01-10 00:11:38 INFO  EmployeesController:23 - Get all employees
2022-01-10 00:12:12 INFO  RequestsController:94 - Get all requests
2022-01-10 00:12:15 INFO  EmployeesController:23 - Get all employees
2022-01-10 00:12:28 INFO  RequestsController:94 - Get all requests
2022-01-10 00:12:29 INFO  EmployeesController:23 - Get all employees
2022-01-10 00:13:18 INFO  RequestsController:94 - Get all requests
2022-01-10 00:13:27 INFO  RequestsController:94 - Get all requests
2022-01-10 00:13:37 INFO  EmployeesController:23 - Get all employees
